This is pdfTeX, Version 3.14159265-2.6-1.40.16 (TeX Live 2015) (preloaded format=pdflatex 2015.10.4)  26 OCT 2015 18:22
entering extended mode
 restricted \write18 enabled.
 file:line:error style messages enabled.
 %&-line parsing enabled.
**Report-Simon-Jenni.tex
(./Report-Simon-Jenni.tex
LaTeX2e <2015/01/01>
Babel <3.9l> and hyphenation patterns for 79 languages loaded.
(/usr/local/texlive/2015/texmf-dist/tex/latex/paper/paper.cls
Document Class: paper 2008/05/30 1.0l LaTeX document class (wm).
\hours=\count79
\minutes=\count80
(/usr/local/texlive/2015/texmf-dist/tex/latex/base/size10.clo
File: size10.clo 2014/09/29 v1.4h Standard LaTeX file (size option)
)
\beforetitlespace=\skip41
\c@part=\count81
\c@section=\count82
\c@subsection=\count83
\c@subsubsection=\count84
\c@paragraph=\count85
\c@subparagraph=\count86
\exampleindent=\skip42
\c@figure=\count87
\c@table=\count88
\abovecaptionskip=\skip43
\belowcaptionskip=\skip44
\bibindent=\dimen102
)
(/usr/local/texlive/2015/texmf-dist/tex/latex/graphics/epsfig.sty
Package: epsfig 1999/02/16 v1.7a (e)psfig emulation (SPQR)

(/usr/local/texlive/2015/texmf-dist/tex/latex/graphics/graphicx.sty
Package: graphicx 2014/10/28 v1.0g Enhanced LaTeX Graphics (DPC,SPQR)

(/usr/local/texlive/2015/texmf-dist/tex/latex/graphics/keyval.sty
Package: keyval 2014/10/28 v1.15 key=value parser (DPC)
\KV@toks@=\toks14
)
(/usr/local/texlive/2015/texmf-dist/tex/latex/graphics/graphics.sty
Package: graphics 2014/10/28 v1.0p Standard LaTeX Graphics (DPC,SPQR)

(/usr/local/texlive/2015/texmf-dist/tex/latex/graphics/trig.sty
Package: trig 1999/03/16 v1.09 sin cos tan (DPC)
)
(/usr/local/texlive/2015/texmf-dist/tex/latex/latexconfig/graphics.cfg
File: graphics.cfg 2010/04/23 v1.9 graphics configuration of TeX Live
)
Package graphics Info: Driver file: pdftex.def on input line 94.

(/usr/local/texlive/2015/texmf-dist/tex/latex/pdftex-def/pdftex.def
File: pdftex.def 2011/05/27 v0.06d Graphics/color for pdfTeX

(/usr/local/texlive/2015/texmf-dist/tex/generic/oberdiek/infwarerr.sty
Package: infwarerr 2010/04/08 v1.3 Providing info/warning/error messages (HO)
)
(/usr/local/texlive/2015/texmf-dist/tex/generic/oberdiek/ltxcmds.sty
Package: ltxcmds 2011/11/09 v1.22 LaTeX kernel commands for general use (HO)
)
\Gread@gobject=\count89
))
\Gin@req@height=\dimen103
\Gin@req@width=\dimen104
)
\epsfxsize=\dimen105
\epsfysize=\dimen106
)
(/usr/local/texlive/2015/texmf-dist/tex/latex/amsmath/amsmath.sty
Package: amsmath 2013/01/14 v2.14 AMS math features
\@mathmargin=\skip45

For additional information on amsmath, use the `?' option.
(/usr/local/texlive/2015/texmf-dist/tex/latex/amsmath/amstext.sty
Package: amstext 2000/06/29 v2.01

(/usr/local/texlive/2015/texmf-dist/tex/latex/amsmath/amsgen.sty
File: amsgen.sty 1999/11/30 v2.0
\@emptytoks=\toks15
\ex@=\dimen107
))
(/usr/local/texlive/2015/texmf-dist/tex/latex/amsmath/amsbsy.sty
Package: amsbsy 1999/11/29 v1.2d
\pmbraise@=\dimen108
)
(/usr/local/texlive/2015/texmf-dist/tex/latex/amsmath/amsopn.sty
Package: amsopn 1999/12/14 v2.01 operator names
)
\inf@bad=\count90
LaTeX Info: Redefining \frac on input line 210.
\uproot@=\count91
\leftroot@=\count92
LaTeX Info: Redefining \overline on input line 306.
\classnum@=\count93
\DOTSCASE@=\count94
LaTeX Info: Redefining \ldots on input line 378.
LaTeX Info: Redefining \dots on input line 381.
LaTeX Info: Redefining \cdots on input line 466.
\Mathstrutbox@=\box26
\strutbox@=\box27
\big@size=\dimen109
LaTeX Font Info:    Redeclaring font encoding OML on input line 566.
LaTeX Font Info:    Redeclaring font encoding OMS on input line 567.
\macc@depth=\count95
\c@MaxMatrixCols=\count96
\dotsspace@=\muskip10
\c@parentequation=\count97
\dspbrk@lvl=\count98
\tag@help=\toks16
\row@=\count99
\column@=\count100
\maxfields@=\count101
\andhelp@=\toks17
\eqnshift@=\dimen110
\alignsep@=\dimen111
\tagshift@=\dimen112
\tagwidth@=\dimen113
\totwidth@=\dimen114
\lineht@=\dimen115
\@envbody=\toks18
\multlinegap=\skip46
\multlinetaggap=\skip47
\mathdisplay@stack=\toks19
LaTeX Info: Redefining \[ on input line 2665.
LaTeX Info: Redefining \] on input line 2666.
)
(/usr/local/texlive/2015/texmf-dist/tex/latex/amsfonts/amssymb.sty
Package: amssymb 2013/01/14 v3.01 AMS font symbols

(/usr/local/texlive/2015/texmf-dist/tex/latex/amsfonts/amsfonts.sty
Package: amsfonts 2013/01/14 v3.01 Basic AMSFonts support
\symAMSa=\mathgroup4
\symAMSb=\mathgroup5
LaTeX Font Info:    Overwriting math alphabet `\mathfrak' in version `bold'
(Font)                  U/euf/m/n --> U/euf/b/n on input line 106.
))
(/usr/local/texlive/2015/texmf-dist/tex/latex/graphics/color.sty
Package: color 2014/10/28 v1.1a Standard LaTeX Color (DPC)

(/usr/local/texlive/2015/texmf-dist/tex/latex/latexconfig/color.cfg
File: color.cfg 2007/01/18 v1.5 color configuration of teTeX/TeXLive
)
Package color Info: Driver file: pdftex.def on input line 142.
)
(/usr/local/texlive/2015/texmf-dist/tex/latex/caption/caption.sty
Package: caption 2013/05/02 v3.3-89 Customizing captions (AR)

(/usr/local/texlive/2015/texmf-dist/tex/latex/caption/caption3.sty
Package: caption3 2013/05/02 v1.6-88 caption3 kernel (AR)
Package caption3 Info: TeX engine: e-TeX on input line 57.
\captionmargin=\dimen116
\captionmargin@=\dimen117
\captionwidth=\dimen118
\caption@tempdima=\dimen119
\caption@indent=\dimen120
\caption@parindent=\dimen121
\caption@hangindent=\dimen122
)
\c@ContinuedFloat=\count102
)
(/usr/local/texlive/2015/texmf-dist/tex/latex/caption/subcaption.sty
Package: subcaption 2013/02/03 v1.1-62 Sub-captions (AR)
\c@subfigure=\count103
\c@subtable=\count104
)
(/usr/local/texlive/2015/texmf-dist/tex/latex/base/inputenc.sty
Package: inputenc 2015/03/17 v1.2c Input encoding file
\inpenc@prehook=\toks20
\inpenc@posthook=\toks21

(/usr/local/texlive/2015/texmf-dist/tex/latex/base/latin1.def
File: latin1.def 2015/03/17 v1.2c Input encoding file
))
(/usr/local/texlive/2015/texmf-dist/tex/latex/base/fontenc.sty
Package: fontenc 2005/09/27 v1.99g Standard LaTeX package

(/usr/local/texlive/2015/texmf-dist/tex/latex/base/t1enc.def
File: t1enc.def 2005/09/27 v1.99g Standard LaTeX file
LaTeX Font Info:    Redeclaring font encoding T1 on input line 48.
))
(/usr/local/texlive/2015/texmf-dist/tex/latex/listings/listings.sty
\lst@mode=\count105
\lst@gtempboxa=\box28
\lst@token=\toks22
\lst@length=\count106
\lst@currlwidth=\dimen123
\lst@column=\count107
\lst@pos=\count108
\lst@lostspace=\dimen124
\lst@width=\dimen125
\lst@newlines=\count109
\lst@lineno=\count110
\lst@maxwidth=\dimen126

(/usr/local/texlive/2015/texmf-dist/tex/latex/listings/lstmisc.sty
File: lstmisc.sty 2014/09/06 1.5e (Carsten Heinz)
\c@lstnumber=\count111
\lst@skipnumbers=\count112
\lst@framebox=\box29
)
(/usr/local/texlive/2015/texmf-dist/tex/latex/listings/listings.cfg
File: listings.cfg 2014/09/06 1.5e listings configuration
))
Package: listings 2014/09/06 1.5e (Carsten Heinz)

(/usr/local/texlive/2015/texmf-dist/tex/latex/listings/lstlang1.sty
File: lstlang1.sty 2014/09/06 1.5e listings language file
)
(./Report-Simon-Jenni.aux)
\openout1 = `Report-Simon-Jenni.aux'.

LaTeX Font Info:    Checking defaults for OML/cmm/m/it on input line 42.
LaTeX Font Info:    ... okay on input line 42.
LaTeX Font Info:    Checking defaults for T1/cmr/m/n on input line 42.
LaTeX Font Info:    ... okay on input line 42.
LaTeX Font Info:    Checking defaults for OT1/cmr/m/n on input line 42.
LaTeX Font Info:    ... okay on input line 42.
LaTeX Font Info:    Checking defaults for OMS/cmsy/m/n on input line 42.
LaTeX Font Info:    ... okay on input line 42.
LaTeX Font Info:    Checking defaults for OMX/cmex/m/n on input line 42.
LaTeX Font Info:    ... okay on input line 42.
LaTeX Font Info:    Checking defaults for U/cmr/m/n on input line 42.
LaTeX Font Info:    ... okay on input line 42.

(/usr/local/texlive/2015/texmf-dist/tex/context/base/supp-pdf.mkii
[Loading MPS to PDF converter (version 2006.09.02).]
\scratchcounter=\count113
\scratchdimen=\dimen127
\scratchbox=\box30
\nofMPsegments=\count114
\nofMParguments=\count115
\everyMPshowfont=\toks23
\MPscratchCnt=\count116
\MPscratchDim=\dimen128
\MPnumerator=\count117
\makeMPintoPDFobject=\count118
\everyMPtoPDFconversion=\toks24
) (/usr/local/texlive/2015/texmf-dist/tex/generic/oberdiek/pdftexcmds.sty
Package: pdftexcmds 2011/11/29 v0.20 Utility functions of pdfTeX for LuaTeX (HO
)

(/usr/local/texlive/2015/texmf-dist/tex/generic/oberdiek/ifluatex.sty
Package: ifluatex 2010/03/01 v1.3 Provides the ifluatex switch (HO)
Package ifluatex Info: LuaTeX not detected.
)
(/usr/local/texlive/2015/texmf-dist/tex/generic/oberdiek/ifpdf.sty
Package: ifpdf 2011/01/30 v2.3 Provides the ifpdf switch (HO)
Package ifpdf Info: pdfTeX in PDF mode is detected.
)
Package pdftexcmds Info: LuaTeX not detected.
Package pdftexcmds Info: \pdf@primitive is available.
Package pdftexcmds Info: \pdf@ifprimitive is available.
Package pdftexcmds Info: \pdfdraftmode found.
)
(/usr/local/texlive/2015/texmf-dist/tex/latex/oberdiek/epstopdf-base.sty
Package: epstopdf-base 2010/02/09 v2.5 Base part for package epstopdf

(/usr/local/texlive/2015/texmf-dist/tex/latex/oberdiek/grfext.sty
Package: grfext 2010/08/19 v1.1 Manage graphics extensions (HO)

(/usr/local/texlive/2015/texmf-dist/tex/generic/oberdiek/kvdefinekeys.sty
Package: kvdefinekeys 2011/04/07 v1.3 Define keys (HO)
))
(/usr/local/texlive/2015/texmf-dist/tex/latex/oberdiek/kvoptions.sty
Package: kvoptions 2011/06/30 v3.11 Key value format for package options (HO)

(/usr/local/texlive/2015/texmf-dist/tex/generic/oberdiek/kvsetkeys.sty
Package: kvsetkeys 2012/04/25 v1.16 Key value parser (HO)

(/usr/local/texlive/2015/texmf-dist/tex/generic/oberdiek/etexcmds.sty
Package: etexcmds 2011/02/16 v1.5 Avoid name clashes with e-TeX commands (HO)
Package etexcmds Info: Could not find \expanded.
(etexcmds)             That can mean that you are not using pdfTeX 1.50 or
(etexcmds)             that some package has redefined \expanded.
(etexcmds)             In the latter case, load this package earlier.
)))
Package grfext Info: Graphics extension search list:
(grfext)             [.png,.pdf,.jpg,.mps,.jpeg,.jbig2,.jb2,.PNG,.PDF,.JPG,.JPE
G,.JBIG2,.JB2,.eps]
(grfext)             \AppendGraphicsExtensions on input line 452.

(/usr/local/texlive/2015/texmf-dist/tex/latex/latexconfig/epstopdf-sys.cfg
File: epstopdf-sys.cfg 2010/07/13 v1.3 Configuration of (r)epstopdf for TeX Liv
e
))
Package caption Info: Begin \AtBeginDocument code.
Package caption Info: listings package is loaded.
Package caption Info: End \AtBeginDocument code.
\c@lstlisting=\count119
LaTeX Font Info:    Try loading font information for T1+cmss on input line 46.

(/usr/local/texlive/2015/texmf-dist/tex/latex/base/t1cmss.fd
File: t1cmss.fd 2014/09/29 v2.5h Standard LaTeX font definitions
)
LaTeX Font Info:    Try loading font information for U+msa on input line 46.

(/usr/local/texlive/2015/texmf-dist/tex/latex/amsfonts/umsa.fd
File: umsa.fd 2013/01/14 v3.01 AMS symbols A
)
LaTeX Font Info:    Try loading font information for U+msb on input line 46.

(/usr/local/texlive/2015/texmf-dist/tex/latex/amsfonts/umsb.fd
File: umsb.fd 2013/01/14 v3.01 AMS symbols B
) [1


{/usr/local/texlive/2015/texmf-var/fonts/map/pdftex/updmap/pdftex.map}] [2]
<images/sphereGA.png, id=25, 654.445pt x 411.5375pt>
File: images/sphereGA.png Graphic file (type png)
 <use images/sphereGA.png>
Package pdftex.def Info: images/sphereGA.png used on input line 156.
(pdftex.def)             Requested size: 137.90685pt x 86.72377pt.

Overfull \hbox (24.05621pt too wide) in paragraph at lines 156--157
 [][] 
 []

<images/buddhaGA.png, id=26, 654.445pt x 411.5375pt>
File: images/buddhaGA.png Graphic file (type png)
 <use images/buddhaGA.png>
Package pdftex.def Info: images/buddhaGA.png used on input line 161.
(pdftex.def)             Requested size: 137.90685pt x 86.72377pt.

Overfull \hbox (24.05621pt too wide) in paragraph at lines 161--162
 [][] 
 []

<images/catGA.png, id=27, 654.445pt x 411.5375pt>
File: images/catGA.png Graphic file (type png)
 <use images/catGA.png>
Package pdftex.def Info: images/catGA.png used on input line 166.
(pdftex.def)             Requested size: 137.90685pt x 86.72377pt.

Overfull \hbox (24.05621pt too wide) in paragraph at lines 166--167
 [][] 
 []

<images/owlGA.png, id=28, 654.445pt x 411.5375pt>
File: images/owlGA.png Graphic file (type png)
 <use images/owlGA.png>
Package pdftex.def Info: images/owlGA.png used on input line 170.
(pdftex.def)             Requested size: 137.90685pt x 86.72377pt.

Overfull \hbox (24.05621pt too wide) in paragraph at lines 170--171
 [][] 
 []

<images/zebraGA.png, id=29, 654.445pt x 411.5375pt>
File: images/zebraGA.png Graphic file (type png)
 <use images/zebraGA.png>
Package pdftex.def Info: images/zebraGA.png used on input line 175.
(pdftex.def)             Requested size: 137.90685pt x 86.72377pt.

Overfull \hbox (24.05621pt too wide) in paragraph at lines 175--176
 [][] 
 []

<images/rockGA.png, id=30, 654.445pt x 411.5375pt>
File: images/rockGA.png Graphic file (type png)
 <use images/rockGA.png>
Package pdftex.def Info: images/rockGA.png used on input line 180.
(pdftex.def)             Requested size: 137.90685pt x 86.72377pt.

Overfull \hbox (24.05621pt too wide) in paragraph at lines 180--181
 [][] 
 []


Overfull \hbox (5.43861pt too wide) in paragraph at lines 154--182
 []$[]$  $[]$  $[]$ 
 []


Overfull \hbox (5.43861pt too wide) in paragraph at lines 154--182
 []$  $[]$  $[]$ 
 []

<images/sphereNM.png, id=31, 654.445pt x 411.5375pt>
File: images/sphereNM.png Graphic file (type png)
 <use images/sphereNM.png>
Package pdftex.def Info: images/sphereNM.png used on input line 192.
(pdftex.def)             Requested size: 137.90685pt x 86.72377pt.

Overfull \hbox (24.05621pt too wide) in paragraph at lines 192--193
 [][] 
 []

<images/buddhaNM.png, id=32, 654.445pt x 411.5375pt>
File: images/buddhaNM.png Graphic file (type png)
 <use images/buddhaNM.png>
Package pdftex.def Info: images/buddhaNM.png used on input line 197.
(pdftex.def)             Requested size: 137.90685pt x 86.72377pt.

Overfull \hbox (24.05621pt too wide) in paragraph at lines 197--198
 [][] 
 []

<images/catNM.png, id=33, 654.445pt x 411.5375pt>
File: images/catNM.png Graphic file (type png)
 <use images/catNM.png>
Package pdftex.def Info: images/catNM.png used on input line 202.
(pdftex.def)             Requested size: 137.90685pt x 86.72377pt.

Overfull \hbox (24.05621pt too wide) in paragraph at lines 202--203
 [][] 
 []

<images/owlNM.png, id=34, 654.445pt x 411.5375pt>
File: images/owlNM.png Graphic file (type png)
 <use images/owlNM.png>
Package pdftex.def Info: images/owlNM.png used on input line 206.
(pdftex.def)             Requested size: 137.90685pt x 86.72377pt.

Overfull \hbox (24.05621pt too wide) in paragraph at lines 206--207
 [][] 
 []

<images/zebraNM.png, id=35, 654.445pt x 411.5375pt>
File: images/zebraNM.png Graphic file (type png)
 <use images/zebraNM.png>
Package pdftex.def Info: images/zebraNM.png used on input line 211.
(pdftex.def)             Requested size: 137.90685pt x 86.72377pt.

Overfull \hbox (24.05621pt too wide) in paragraph at lines 211--212
 [][] 
 []

<images/rockNM.png, id=36, 654.445pt x 411.5375pt>
File: images/rockNM.png Graphic file (type png)
 <use images/rockNM.png>
Package pdftex.def Info: images/rockNM.png used on input line 216.
(pdftex.def)             Requested size: 137.90685pt x 86.72377pt.

Overfull \hbox (24.05621pt too wide) in paragraph at lines 216--217
 [][] 
 []


Overfull \hbox (5.43861pt too wide) in paragraph at lines 190--218
 []$[]$  $[]$  $[]$ 
 []


Overfull \hbox (5.43861pt too wide) in paragraph at lines 190--218
 []$  $[]$  $[]$ 
 []


LaTeX Warning: `!h' float specifier changed to `!ht'.

<images/sphereRGB.png, id=37, 654.445pt x 411.5375pt>
File: images/sphereRGB.png Graphic file (type png)

<use images/sphereRGB.png>
Package pdftex.def Info: images/sphereRGB.png used on input line 229.
(pdftex.def)             Requested size: 137.90685pt x 86.72377pt.

Overfull \hbox (24.05621pt too wide) in paragraph at lines 229--230
 [][] 
 []

<images/buddhaRGB.png, id=38, 654.445pt x 411.5375pt>
File: images/buddhaRGB.png Graphic file (type png)

<use images/buddhaRGB.png>
Package pdftex.def Info: images/buddhaRGB.png used on input line 234.
(pdftex.def)             Requested size: 137.90685pt x 86.72377pt.

Overfull \hbox (24.05621pt too wide) in paragraph at lines 234--235
 [][] 
 []

<images/catRGB.png, id=39, 654.445pt x 411.5375pt>
File: images/catRGB.png Graphic file (type png)
 <use images/catRGB.png>
Package pdftex.def Info: images/catRGB.png used on input line 239.
(pdftex.def)             Requested size: 137.90685pt x 86.72377pt.

Overfull \hbox (24.05621pt too wide) in paragraph at lines 239--240
 [][] 
 []

<images/owlRGB.png, id=40, 654.445pt x 411.5375pt>
File: images/owlRGB.png Graphic file (type png)
 <use images/owlRGB.png>
Package pdftex.def Info: images/owlRGB.png used on input line 243.
(pdftex.def)             Requested size: 137.90685pt x 86.72377pt.

Overfull \hbox (24.05621pt too wide) in paragraph at lines 243--244
 [][] 
 []

<images/zebraRGB.png, id=41, 654.445pt x 411.5375pt>
File: images/zebraRGB.png Graphic file (type png)
 <use images/zebraRGB.png>
Package pdftex.def Info: images/zebraRGB.png used on input line 248.
(pdftex.def)             Requested size: 137.90685pt x 86.72377pt.

Overfull \hbox (24.05621pt too wide) in paragraph at lines 248--249
 [][] 
 []

<images/rockRGB.png, id=42, 654.445pt x 411.5375pt>
File: images/rockRGB.png Graphic file (type png)
 <use images/rockRGB.png>
Package pdftex.def Info: images/rockRGB.png used on input line 253.
(pdftex.def)             Requested size: 137.90685pt x 86.72377pt.

Overfull \hbox (24.05621pt too wide) in paragraph at lines 253--254
 [][] 
 []


Overfull \hbox (5.43861pt too wide) in paragraph at lines 227--255
 []$[]$  $[]$  $[]$ 
 []


Overfull \hbox (5.43861pt too wide) in paragraph at lines 227--255
 []$  $[]$  $[]$ 
 []


LaTeX Warning: `!h' float specifier changed to `!ht'.

[3 <./images/sphereGA.png (PNG copy)> <./images/buddhaGA.png (PNG copy)> <./ima
ges/catGA.png (PNG copy)> <./images/owlGA.png (PNG copy)> <./images/zebraGA.png
 (PNG copy)> <./images/rockGA.png (PNG copy)>] [4 <./images/sphereNM.png (PNG c
opy)> <./images/buddhaNM.png (PNG copy)> <./images/catNM.png (PNG copy)> <./ima
ges/owlNM.png (PNG copy)> <./images/zebraNM.png (PNG copy)> <./images/rockNM.pn
g (PNG copy)> <./images/sphereRGB.png (PNG copy)> <./images/buddhaRGB.png (PNG 
copy)> <./images/catRGB.png (PNG copy)> <./images/owlRGB.png (PNG copy)> <./ima
ges/zebraRGB.png (PNG copy)> <./images/rockRGB.png (PNG copy)>]
<images/sphereDM.png, id=49, 654.445pt x 411.5375pt>
File: images/sphereDM.png Graphic file (type png)
 <use images/sphereDM.png>
Package pdftex.def Info: images/sphereDM.png used on input line 358.
(pdftex.def)             Requested size: 137.90685pt x 86.72377pt.

Overfull \hbox (24.05621pt too wide) in paragraph at lines 358--359
 [][] 
 []

<images/buddhaDM.png, id=50, 654.445pt x 411.5375pt>
File: images/buddhaDM.png Graphic file (type png)
 <use images/buddhaDM.png>
Package pdftex.def Info: images/buddhaDM.png used on input line 363.
(pdftex.def)             Requested size: 137.90685pt x 86.72377pt.

Overfull \hbox (24.05621pt too wide) in paragraph at lines 363--364
 [][] 
 []

<images/catDM.png, id=51, 654.445pt x 411.5375pt>
File: images/catDM.png Graphic file (type png)
 <use images/catDM.png>
Package pdftex.def Info: images/catDM.png used on input line 368.
(pdftex.def)             Requested size: 137.90685pt x 86.72377pt.

Overfull \hbox (24.05621pt too wide) in paragraph at lines 368--369
 [][] 
 []

<images/owlDM.png, id=52, 654.445pt x 411.5375pt>
File: images/owlDM.png Graphic file (type png)
 <use images/owlDM.png>
Package pdftex.def Info: images/owlDM.png used on input line 372.
(pdftex.def)             Requested size: 137.90685pt x 86.72377pt.

Overfull \hbox (24.05621pt too wide) in paragraph at lines 372--373
 [][] 
 []

<images/zebraDM.png, id=53, 654.445pt x 411.5375pt>
File: images/zebraDM.png Graphic file (type png)
 <use images/zebraDM.png>
Package pdftex.def Info: images/zebraDM.png used on input line 377.
(pdftex.def)             Requested size: 137.90685pt x 86.72377pt.

Overfull \hbox (24.05621pt too wide) in paragraph at lines 377--378
 [][] 
 []

<images/rockDM.png, id=54, 654.445pt x 411.5375pt>
File: images/rockDM.png Graphic file (type png)
 <use images/rockDM.png>
Package pdftex.def Info: images/rockDM.png used on input line 382.
(pdftex.def)             Requested size: 137.90685pt x 86.72377pt.

Overfull \hbox (24.05621pt too wide) in paragraph at lines 382--383
 [][] 
 []


Overfull \hbox (5.43861pt too wide) in paragraph at lines 356--384
 []$[]$  $[]$  $[]$ 
 []


Overfull \hbox (5.43861pt too wide) in paragraph at lines 356--384
 []$  $[]$  $[]$ 
 []

[5] [6 <./images/sphereDM.png (PNG copy)> <./images/buddhaDM.png (PNG copy)> <.
/images/catDM.png (PNG copy)> <./images/owlDM.png (PNG copy)> <./images/zebraDM
.png (PNG copy)> <./images/rockDM.png (PNG copy)>] (./Report-Simon-Jenni.aux) )
 
Here is how much of TeX's memory you used:
 5480 strings out of 493089
 79403 string characters out of 6134842
 170245 words of memory out of 5000000
 8857 multiletter control sequences out of 15000+600000
 20128 words of font info for 47 fonts, out of 8000000 for 9000
 1141 hyphenation exceptions out of 8191
 38i,15n,40p,452b,399s stack positions out of 5000i,500n,10000p,200000b,80000s
{/usr/local/texlive/2015/texmf-dist/fonts/enc/dvips/cm-super/cm-super-t1.enc}</
usr/local/texlive/2015/texmf-dist/fonts/type1/public/amsfonts/cm/cmbx10.pfb></u
sr/local/texlive/2015/texmf-dist/fonts/type1/public/amsfonts/cm/cmbx7.pfb></usr
/local/texlive/2015/texmf-dist/fonts/type1/public/amsfonts/cm/cmex10.pfb></usr/
local/texlive/2015/texmf-dist/fonts/type1/public/amsfonts/cm/cmmi10.pfb></usr/l
ocal/texlive/2015/texmf-dist/fonts/type1/public/amsfonts/cm/cmmi7.pfb></usr/loc
al/texlive/2015/texmf-dist/fonts/type1/public/amsfonts/cm/cmr10.pfb></usr/local
/texlive/2015/texmf-dist/fonts/type1/public/amsfonts/cm/cmr7.pfb></usr/local/te
xlive/2015/texmf-dist/fonts/type1/public/amsfonts/cm/cmsy10.pfb></usr/local/tex
live/2015/texmf-dist/fonts/type1/public/amsfonts/cm/cmsy7.pfb></usr/local/texli
ve/2015/texmf-dist/fonts/type1/public/cm-super/sfrm0900.pfb></usr/local/texlive
/2015/texmf-dist/fonts/type1/public/cm-super/sfrm1000.pfb></usr/local/texlive/2
015/texmf-dist/fonts/type1/public/cm-super/sfsi1440.pfb></usr/local/texlive/201
5/texmf-dist/fonts/type1/public/cm-super/sfss1000.pfb></usr/local/texlive/2015/
texmf-dist/fonts/type1/public/cm-super/sfsx1000.pfb></usr/local/texlive/2015/te
xmf-dist/fonts/type1/public/cm-super/sfsx1200.pfb></usr/local/texlive/2015/texm
f-dist/fonts/type1/public/cm-super/sfsx1728.pfb>
Output written on Report-Simon-Jenni.pdf (6 pages, 1454436 bytes).
PDF statistics:
 112 PDF objects out of 1000 (max. 8388607)
 63 compressed objects within 1 object stream
 0 named destinations out of 1000 (max. 500000)
 121 words of extra memory for PDF output out of 10000 (max. 10000000)

